<?xml version="1.0" encoding="UTF-8"?>
<!-- Generated by org.testng.reporters.JUnitReportReporter -->
<testsuite skipped="0" hostname="DESKTOP-28H14J8" name="RunTest" tests="1" failures="0" timestamp="2022-11-19T20:57:29 COT" time="11.970" errors="0">
  <testcase name="feature" time="11.970" classname="RunTest"/>
</testsuite> <!-- RunTest -->
